<?xml version="1.0" encoding="UTF-8"?>
<testsuites name="jest tests" tests="51" failures="0" errors="0" time="4.654">
  <testsuite name="API Utility Tests" errors="0" failures="0" skipped="0" timestamp="2026-05-16T01:29:20" time="2.715" tests="19">
    <testcase classname="API Utility Tests Error Handling should create standard error response" name="API Utility Tests Error Handling should create standard error response" time="0.044">
    </testcase>
    <testcase classname="API Utility Tests Error Handling should differentiate between error types" name="API Utility Tests Error Handling should differentiate between error types" time="0.003">
    </testcase>
    <testcase classname="API Utility Tests Error Handling should include error context in responses" name="API Utility Tests Error Handling should include error context in responses" time="0.002">
    </testcase>
    <testcase classname="API Utility Tests Success Response Formatting should format successful responses correctly" name="API Utility Tests Success Response Formatting should format successful responses correctly" time="0.002">
    </testcase>
    <testcase classname="API Utility Tests Success Response Formatting should include pagination info when applicable" name="API Utility Tests Success Response Formatting should include pagination info when applicable" time="0.005">
    </testcase>
    <testcase classname="API Utility Tests Data Validation Utilities should validate email addresses" name="API Utility Tests Data Validation Utilities should validate email addresses" time="0.002">
    </testcase>
    <testcase classname="API Utility Tests Data Validation Utilities should validate URLs" name="API Utility Tests Data Validation Utilities should validate URLs" time="0.003">
    </testcase>
    <testcase classname="API Utility Tests Data Validation Utilities should validate phone numbers" name="API Utility Tests Data Validation Utilities should validate phone numbers" time="0.002">
    </testcase>
    <testcase classname="API Utility Tests Data Validation Utilities should trim whitespace from inputs" name="API Utility Tests Data Validation Utilities should trim whitespace from inputs" time="0.001">
    </testcase>
    <testcase classname="API Utility Tests Data Transformation should convert timestamps correctly" name="API Utility Tests Data Transformation should convert timestamps correctly" time="0.001">
    </testcase>
    <testcase classname="API Utility Tests Data Transformation should format dates for display" name="API Utility Tests Data Transformation should format dates for display" time="0.138">
    </testcase>
    <testcase classname="API Utility Tests Data Transformation should convert file sizes to readable format" name="API Utility Tests Data Transformation should convert file sizes to readable format" time="0.002">
    </testcase>
    <testcase classname="API Utility Tests ID Generation should generate unique IDs" name="API Utility Tests ID Generation should generate unique IDs" time="0.001">
    </testcase>
    <testcase classname="API Utility Tests ID Generation should generate UUID format strings" name="API Utility Tests ID Generation should generate UUID format strings" time="0.002">
    </testcase>
    <testcase classname="API Utility Tests Environmental Configuration should read environment variables" name="API Utility Tests Environmental Configuration should read environment variables" time="0.001">
    </testcase>
    <testcase classname="API Utility Tests Environmental Configuration should provide default values for missing env vars" name="API Utility Tests Environmental Configuration should provide default values for missing env vars" time="0">
    </testcase>
    <testcase classname="API Utility Tests Environmental Configuration should validate required environment variables" name="API Utility Tests Environmental Configuration should validate required environment variables" time="0.001">
    </testcase>
    <testcase classname="API Utility Tests Logging Utilities should format log messages" name="API Utility Tests Logging Utilities should format log messages" time="0.001">
    </testcase>
    <testcase classname="API Utility Tests Logging Utilities should support different log levels" name="API Utility Tests Logging Utilities should support different log levels" time="0.001">
    </testcase>
  </testsuite>
  <testsuite name="Authentication Middleware Tests" errors="0" failures="0" skipped="0" timestamp="2026-05-16T01:29:20" time="3.058" tests="14">
    <testcase classname="Authentication Middleware Tests JWT Token Validation should validate JWT token format" name="Authentication Middleware Tests JWT Token Validation should validate JWT token format" time="0.033">
    </testcase>
    <testcase classname="Authentication Middleware Tests JWT Token Validation should reject malformed tokens" name="Authentication Middleware Tests JWT Token Validation should reject malformed tokens" time="0.007">
    </testcase>
    <testcase classname="Authentication Middleware Tests JWT Token Validation should verify token expiration" name="Authentication Middleware Tests JWT Token Validation should verify token expiration" time="0.001">
    </testcase>
    <testcase classname="Authentication Middleware Tests Authentication Headers should require Authorization header" name="Authentication Middleware Tests Authentication Headers should require Authorization header" time="0.001">
    </testcase>
    <testcase classname="Authentication Middleware Tests Authentication Headers should accept Bearer token format" name="Authentication Middleware Tests Authentication Headers should accept Bearer token format" time="0.004">
    </testcase>
    <testcase classname="Authentication Middleware Tests Authentication Headers should reject non-Bearer authorization" name="Authentication Middleware Tests Authentication Headers should reject non-Bearer authorization" time="0.007">
    </testcase>
    <testcase classname="Authentication Middleware Tests User Authentication Status should identify authenticated users" name="Authentication Middleware Tests User Authentication Status should identify authenticated users" time="0.001">
    </testcase>
    <testcase classname="Authentication Middleware Tests User Authentication Status should identify unauthenticated users" name="Authentication Middleware Tests User Authentication Status should identify unauthenticated users" time="0.001">
    </testcase>
    <testcase classname="Authentication Middleware Tests User Authentication Status should validate user role/permissions" name="Authentication Middleware Tests User Authentication Status should validate user role/permissions" time="0.036">
    </testcase>
    <testcase classname="Authentication Middleware Tests Session Management should generate session tokens" name="Authentication Middleware Tests Session Management should generate session tokens" time="0.001">
    </testcase>
    <testcase classname="Authentication Middleware Tests Session Management should track session creation time" name="Authentication Middleware Tests Session Management should track session creation time" time="0.001">
    </testcase>
    <testcase classname="Authentication Middleware Tests Session Management should calculate session timeout" name="Authentication Middleware Tests Session Management should calculate session timeout" time="0.001">
    </testcase>
    <testcase classname="Authentication Middleware Tests Password Security should enforce password length minimum" name="Authentication Middleware Tests Password Security should enforce password length minimum" time="0.008">
    </testcase>
    <testcase classname="Authentication Middleware Tests Password Security should require password complexity" name="Authentication Middleware Tests Password Security should require password complexity" time="0.002">
    </testcase>
  </testsuite>
  <testsuite name="File Model Tests" errors="0" failures="0" skipped="0" timestamp="2026-05-16T01:29:20" time="3.131" tests="10">
    <testcase classname="File Model Tests File Validation should validate file size limit" name="File Model Tests File Validation should validate file size limit" time="0.091">
    </testcase>
    <testcase classname="File Model Tests File Validation should generate unique file ID" name="File Model Tests File Validation should generate unique file ID" time="0.002">
    </testcase>
    <testcase classname="File Model Tests File Validation should validate file MIME type" name="File Model Tests File Validation should validate file MIME type" time="0.05">
    </testcase>
    <testcase classname="File Model Tests File Validation should handle file expiration dates" name="File Model Tests File Validation should handle file expiration dates" time="0.001">
    </testcase>
    <testcase classname="File Model Tests File Naming should sanitize file names" name="File Model Tests File Naming should sanitize file names" time="0.002">
    </testcase>
    <testcase classname="File Model Tests File Naming should preserve file extensions" name="File Model Tests File Naming should preserve file extensions" time="0.006">
    </testcase>
    <testcase classname="File Model Tests File Metadata should track file upload timestamp" name="File Model Tests File Metadata should track file upload timestamp" time="0.017">
    </testcase>
    <testcase classname="File Model Tests File Metadata should store uploader information" name="File Model Tests File Metadata should store uploader information" time="0.002">
    </testcase>
    <testcase classname="File Model Tests File Download Tracking should track download count" name="File Model Tests File Download Tracking should track download count" time="0.004">
    </testcase>
    <testcase classname="File Model Tests File Download Tracking should track download history" name="File Model Tests File Download Tracking should track download history" time="0.004">
    </testcase>
  </testsuite>
  <testsuite name="User Model Tests" errors="0" failures="0" skipped="0" timestamp="2026-05-16T01:29:23" time="0.261" tests="8">
    <testcase classname="User Model Tests User Schema Validation should create a user with valid email format" name="User Model Tests User Schema Validation should create a user with valid email format" time="0.002">
    </testcase>
    <testcase classname="User Model Tests User Schema Validation should reject invalid email format" name="User Model Tests User Schema Validation should reject invalid email format" time="0">
    </testcase>
    <testcase classname="User Model Tests User Schema Validation should validate password strength" name="User Model Tests User Schema Validation should validate password strength" time="0.001">
    </testcase>
    <testcase classname="User Model Tests User Utilities should hash password correctly" name="User Model Tests User Utilities should hash password correctly" time="0.001">
    </testcase>
    <testcase classname="User Model Tests User Utilities should generate unique user ID" name="User Model Tests User Utilities should generate unique user ID" time="0.001">
    </testcase>
    <testcase classname="User Model Tests User Data Validation should require email field" name="User Model Tests User Data Validation should require email field" time="0">
    </testcase>
    <testcase classname="User Model Tests User Data Validation should require password field" name="User Model Tests User Data Validation should require password field" time="0.001">
    </testcase>
    <testcase classname="User Model Tests User Data Validation should accept optional username field" name="User Model Tests User Data Validation should accept optional username field" time="0">
    </testcase>
  </testsuite>
</testsuites>